[+] Containers:
 |- [+] Container: /Game/Task01/Map_Task01
 |   |- [+] ActorDescs:
 |   |   |- Guid:03920DF94EEFC9F86CC66185D32A3DA1 BaseClass: NativeClass:/Script/Engine.StaticMeshActor Name:StaticMeshActor_UAID_A4AE111137DC54FB00_1240666663 Label:SM_SkySphere SpatiallyLoaded:0 Bounds:IsValid=true, Min=(X=-1638400.000 Y=-1638400.000 Z=-1638400.000), Max=(X=1638400.000 Y=1638400.000 Z=1638400.000) RuntimeGrid:None EditorOnly:0 RuntimeOnly:0 HLODRelevant:0 FolderPath:Lighting FolderGuid:B7E9BD5B45A652654791988DEF54CCEB
 |   |   |- Guid:1D3D26F04B6DC10BEFB5B69E5CF914C8 BaseClass: NativeClass:/Script/Engine.VolumetricCloud Name:VolumetricCloud_UAID_A85E45CFE40401D200_1470381760 Label:VolumetricCloud SpatiallyLoaded:0 Bounds:IsValid=true, Min=(X=0.000 Y=0.000 Z=0.000), Max=(X=0.000 Y=0.000 Z=0.000) RuntimeGrid:None EditorOnly:0 RuntimeOnly:0 HLODRelevant:0 FolderPath:Lighting FolderGuid:B7E9BD5B45A652654791988DEF54CCEB
 |   |   |- Guid:1DE8D7AC4103A2EABA11649C7FCF8ACA BaseClass: NativeClass:/Script/Engine.SkyLight Name:SkyLight_UAID_A85E45CFE40401D200_1470380759 Label:SkyLight SpatiallyLoaded:0 Bounds:IsValid=true, Min=(X=0.000 Y=0.000 Z=0.000), Max=(X=0.000 Y=0.000 Z=0.000) RuntimeGrid:None EditorOnly:0 RuntimeOnly:0 HLODRelevant:0 FolderPath:Lighting FolderGuid:B7E9BD5B45A652654791988DEF54CCEB
 |   |   |- Guid:218E3B124735712D7EF272B4FB8E7FF6 BaseClass: NativeClass:/Script/Landscape.Landscape Name:Landscape_UAID_A85E45CFE404FBD100_1221515703 Label:Landscape SpatiallyLoaded:0 Bounds:IsValid=true, Min=(X=-100800.000 Y=-100800.000 Z=100.000), Max=(X=-100800.000 Y=-100800.000 Z=100.000) RuntimeGrid:None EditorOnly:0 RuntimeOnly:0 HLODRelevant:0
 |   |   |- Guid:2CE12F874AA39D020A0F4BA5739BD305 BaseClass: NativeClass:/Script/Engine.SkyAtmosphere Name:SkyAtmosphere_UAID_A85E45CFE40401D200_1470382762 Label:SkyAtmosphere SpatiallyLoaded:0 Bounds:IsValid=true, Min=(X=0.000 Y=0.000 Z=0.000), Max=(X=0.000 Y=0.000 Z=0.000) RuntimeGrid:None EditorOnly:0 RuntimeOnly:0 HLODRelevant:0 FolderPath:Lighting FolderGuid:B7E9BD5B45A652654791988DEF54CCEB
 |   |   |- Guid:5368FABB47D6D9580DAECA8B0417BF92 BaseClass: NativeClass:/Script/Engine.WorldDataLayers Name:WorldDataLayers Label:WorldDataLayers-1 SpatiallyLoaded:0 Bounds:IsValid=true, Min=(X=0.000 Y=0.000 Z=0.000), Max=(X=0.000 Y=0.000 Z=0.000) RuntimeGrid:None EditorOnly:0 RuntimeOnly:0 HLODRelevant:0
 |   |   |- Guid:5EA94EEB4C37B11AE582A4923758CAE7 BaseClass: NativeClass:/Script/Engine.StaticMeshActor Name:StaticMeshActor_UAID_00155D341618306B01_1377913599 Label:Cube SpatiallyLoaded:1 Bounds:IsValid=true, Min=(X=49055.000 Y=63570.000 Z=27250.000), Max=(X=50905.000 Y=65070.000 Z=27350.000) RuntimeGrid:None EditorOnly:0 RuntimeOnly:0 HLODRelevant:1
 |   |   |- Guid:62D6927C4ACFE19242D42A83BD051DBA BaseClass:/Game/Task01/BP_Sphere.BP_Sphere_C NativeClass:/Script/Engine.Actor Name:BP_Sphere_C_UAID_00155D341618336B01_1900260128 Label:BP_Sphere SpatiallyLoaded:1 Bounds:IsValid=true, Min=(X=50400.000 Y=64183.397 Z=27353.397), Max=(X=50600.000 Y=64456.603 Z=27626.603) RuntimeGrid:None EditorOnly:0 RuntimeOnly:0 HLODRelevant:0
 |   |   |- Guid:75A7696849F098252481049210E966F3 BaseClass: NativeClass:/Script/Engine.PlayerStart Name:PlayerStart_UAID_00155D341618346B01_1752321306 Label:PlayerStart SpatiallyLoaded:0 Bounds:IsValid=true, Min=(X=49470.000 Y=64230.000 Z=27680.000), Max=(X=49550.000 Y=64310.000 Z=27864.000) RuntimeGrid:None EditorOnly:0 RuntimeOnly:0 HLODRelevant:0
 |   |   |- Guid:7DBE72904AC661124A9545ABF6095579 BaseClass: NativeClass:/Script/Engine.StaticMeshActor Name:StaticMeshActor_UAID_00155D341618456B01_1407886305 Label:Cube3 SpatiallyLoaded:1 Bounds:IsValid=true, Min=(X=49495.000 Y=64900.000 Z=27322.500), Max=(X=50945.000 Y=65000.000 Z=28597.500) RuntimeGrid:None EditorOnly:0 RuntimeOnly:0 HLODRelevant:1
 |   |   |- Guid:994068DA46815878002929BC619D3EB4 BaseClass: NativeClass:/Script/Engine.StaticMeshActor Name:StaticMeshActor_UAID_00155D341618346B01_1811315307 Label:Cube2 SpatiallyLoaded:1 Bounds:IsValid=true, Min=(X=50890.000 Y=63585.000 Z=27322.500), Max=(X=50990.000 Y=65035.000 Z=28597.500) RuntimeGrid:None EditorOnly:0 RuntimeOnly:0 HLODRelevant:1
 |   |   |- Guid:A4274B7A48E8A02A692196AFCCF196E4 BaseClass: NativeClass:/Script/Engine.StaticMeshActor Name:StaticMeshActor_UAID_00155D341618456B01_1418353306 Label:Cube4 SpatiallyLoaded:1 Bounds:IsValid=true, Min=(X=49495.000 Y=63560.000 Z=27322.500), Max=(X=50945.000 Y=63660.000 Z=28597.500) RuntimeGrid:None EditorOnly:0 RuntimeOnly:0 HLODRelevant:1
 |   |   |- Guid:AAAC6B5742760A58C2206DB37E44683C BaseClass: NativeClass:/Script/Engine.DirectionalLight Name:DirectionalLight_UAID_A85E45CFE40401D200_1470382761 Label:DirectionalLight SpatiallyLoaded:0 Bounds:IsValid=true, Min=(X=-4398046511104.000 Y=-4398046511104.000 Z=-4398046511104.000), Max=(X=4398046511104.000 Y=4398046511104.000 Z=4398046511104.000) RuntimeGrid:None EditorOnly:0 RuntimeOnly:0 HLODRelevant:0 FolderPath:Lighting FolderGuid:B7E9BD5B45A652654791988DEF54CCEB
 |   |   |- Guid:D3FB7383421AAEFD3DB6F8B1E415A9FE BaseClass: NativeClass:/Script/Engine.ExponentialHeightFog Name:ExponentialHeightFog_UAID_A85E45CFE40401D200_1470382763 Label:ExponentialHeightFog SpatiallyLoaded:0 Bounds:IsValid=true, Min=(X=-5600.000 Y=-50.000 Z=-6850.000), Max=(X=-5600.000 Y=-50.000 Z=-6850.000) RuntimeGrid:None EditorOnly:0 RuntimeOnly:0 HLODRelevant:0 FolderPath:Lighting FolderGuid:B7E9BD5B45A652654791988DEF54CCEB
 |   |   |- Guid:EE2958BA4CAD46D070D83097BB4F62D7 BaseClass: NativeClass:/Script/Engine.TextRenderActor Name:TextRenderActor_UAID_00155D341618446B01_2010929128 Label:TextRenderActor SpatiallyLoaded:1 Bounds:IsValid=true, Min=(X=50840.000 Y=64130.000 Z=27960.000), Max=(X=50840.000 Y=64570.000 Z=28460.500) RuntimeGrid:None EditorOnly:0 RuntimeOnly:0 HLODRelevant:0
 |   |- [+] Clusters:
 |   |   |- [+] [  0]
 |   |   |   |- Guid:AAAC6B5742760A58C2206DB37E44683C BaseClass: NativeClass:/Script/Engine.DirectionalLight Name:DirectionalLight_UAID_A85E45CFE40401D200_1470382761 Label:DirectionalLight SpatiallyLoaded:0 Bounds:IsValid=true, Min=(X=-4398046511104.000 Y=-4398046511104.000 Z=-4398046511104.000), Max=(X=4398046511104.000 Y=4398046511104.000 Z=4398046511104.000) RuntimeGrid:None EditorOnly:0 RuntimeOnly:0 HLODRelevant:0 FolderPath:Lighting FolderGuid:B7E9BD5B45A652654791988DEF54CCEB
 |   |   |- [+] [  1]
 |   |   |   |- Guid:03920DF94EEFC9F86CC66185D32A3DA1 BaseClass: NativeClass:/Script/Engine.StaticMeshActor Name:StaticMeshActor_UAID_A4AE111137DC54FB00_1240666663 Label:SM_SkySphere SpatiallyLoaded:0 Bounds:IsValid=true, Min=(X=-1638400.000 Y=-1638400.000 Z=-1638400.000), Max=(X=1638400.000 Y=1638400.000 Z=1638400.000) RuntimeGrid:None EditorOnly:0 RuntimeOnly:0 HLODRelevant:0 FolderPath:Lighting FolderGuid:B7E9BD5B45A652654791988DEF54CCEB
 |   |   |- [+] [  2]
 |   |   |   |- Guid:5EA94EEB4C37B11AE582A4923758CAE7 BaseClass: NativeClass:/Script/Engine.StaticMeshActor Name:StaticMeshActor_UAID_00155D341618306B01_1377913599 Label:Cube SpatiallyLoaded:1 Bounds:IsValid=true, Min=(X=49055.000 Y=63570.000 Z=27250.000), Max=(X=50905.000 Y=65070.000 Z=27350.000) RuntimeGrid:None EditorOnly:0 RuntimeOnly:0 HLODRelevant:1
 |   |   |- [+] [  3]
 |   |   |   |- Guid:2CE12F874AA39D020A0F4BA5739BD305 BaseClass: NativeClass:/Script/Engine.SkyAtmosphere Name:SkyAtmosphere_UAID_A85E45CFE40401D200_1470382762 Label:SkyAtmosphere SpatiallyLoaded:0 Bounds:IsValid=true, Min=(X=0.000 Y=0.000 Z=0.000), Max=(X=0.000 Y=0.000 Z=0.000) RuntimeGrid:None EditorOnly:0 RuntimeOnly:0 HLODRelevant:0 FolderPath:Lighting FolderGuid:B7E9BD5B45A652654791988DEF54CCEB
 |   |   |- [+] [  4]
 |   |   |   |- Guid:1DE8D7AC4103A2EABA11649C7FCF8ACA BaseClass: NativeClass:/Script/Engine.SkyLight Name:SkyLight_UAID_A85E45CFE40401D200_1470380759 Label:SkyLight SpatiallyLoaded:0 Bounds:IsValid=true, Min=(X=0.000 Y=0.000 Z=0.000), Max=(X=0.000 Y=0.000 Z=0.000) RuntimeGrid:None EditorOnly:0 RuntimeOnly:0 HLODRelevant:0 FolderPath:Lighting FolderGuid:B7E9BD5B45A652654791988DEF54CCEB
 |   |   |- [+] [  5]
 |   |   |   |- Guid:D3FB7383421AAEFD3DB6F8B1E415A9FE BaseClass: NativeClass:/Script/Engine.ExponentialHeightFog Name:ExponentialHeightFog_UAID_A85E45CFE40401D200_1470382763 Label:ExponentialHeightFog SpatiallyLoaded:0 Bounds:IsValid=true, Min=(X=-5600.000 Y=-50.000 Z=-6850.000), Max=(X=-5600.000 Y=-50.000 Z=-6850.000) RuntimeGrid:None EditorOnly:0 RuntimeOnly:0 HLODRelevant:0 FolderPath:Lighting FolderGuid:B7E9BD5B45A652654791988DEF54CCEB
 |   |   |- [+] [  6]
 |   |   |   |- Guid:75A7696849F098252481049210E966F3 BaseClass: NativeClass:/Script/Engine.PlayerStart Name:PlayerStart_UAID_00155D341618346B01_1752321306 Label:PlayerStart SpatiallyLoaded:0 Bounds:IsValid=true, Min=(X=49470.000 Y=64230.000 Z=27680.000), Max=(X=49550.000 Y=64310.000 Z=27864.000) RuntimeGrid:None EditorOnly:0 RuntimeOnly:0 HLODRelevant:0
 |   |   |- [+] [  7]
 |   |   |   |- Guid:5368FABB47D6D9580DAECA8B0417BF92 BaseClass: NativeClass:/Script/Engine.WorldDataLayers Name:WorldDataLayers Label:WorldDataLayers-1 SpatiallyLoaded:0 Bounds:IsValid=true, Min=(X=0.000 Y=0.000 Z=0.000), Max=(X=0.000 Y=0.000 Z=0.000) RuntimeGrid:None EditorOnly:0 RuntimeOnly:0 HLODRelevant:0
 |   |   |- [+] [  8]
 |   |   |   |- Guid:218E3B124735712D7EF272B4FB8E7FF6 BaseClass: NativeClass:/Script/Landscape.Landscape Name:Landscape_UAID_A85E45CFE404FBD100_1221515703 Label:Landscape SpatiallyLoaded:0 Bounds:IsValid=true, Min=(X=-100800.000 Y=-100800.000 Z=100.000), Max=(X=-100800.000 Y=-100800.000 Z=100.000) RuntimeGrid:None EditorOnly:0 RuntimeOnly:0 HLODRelevant:0
 |   |   |- [+] [  9]
 |   |   |   |- Guid:1D3D26F04B6DC10BEFB5B69E5CF914C8 BaseClass: NativeClass:/Script/Engine.VolumetricCloud Name:VolumetricCloud_UAID_A85E45CFE40401D200_1470381760 Label:VolumetricCloud SpatiallyLoaded:0 Bounds:IsValid=true, Min=(X=0.000 Y=0.000 Z=0.000), Max=(X=0.000 Y=0.000 Z=0.000) RuntimeGrid:None EditorOnly:0 RuntimeOnly:0 HLODRelevant:0 FolderPath:Lighting FolderGuid:B7E9BD5B45A652654791988DEF54CCEB
 |   |   |- [+] [ 10]
 |   |   |   |- Guid:62D6927C4ACFE19242D42A83BD051DBA BaseClass:/Game/Task01/BP_Sphere.BP_Sphere_C NativeClass:/Script/Engine.Actor Name:BP_Sphere_C_UAID_00155D341618336B01_1900260128 Label:BP_Sphere SpatiallyLoaded:1 Bounds:IsValid=true, Min=(X=50400.000 Y=64183.397 Z=27353.397), Max=(X=50600.000 Y=64456.603 Z=27626.603) RuntimeGrid:None EditorOnly:0 RuntimeOnly:0 HLODRelevant:0
 |   |   |- [+] [ 11]
 |   |   |   |- Guid:EE2958BA4CAD46D070D83097BB4F62D7 BaseClass: NativeClass:/Script/Engine.TextRenderActor Name:TextRenderActor_UAID_00155D341618446B01_2010929128 Label:TextRenderActor SpatiallyLoaded:1 Bounds:IsValid=true, Min=(X=50840.000 Y=64130.000 Z=27960.000), Max=(X=50840.000 Y=64570.000 Z=28460.500) RuntimeGrid:None EditorOnly:0 RuntimeOnly:0 HLODRelevant:0
 |   |   |- [+] [ 12]
 |   |   |   |- Guid:994068DA46815878002929BC619D3EB4 BaseClass: NativeClass:/Script/Engine.StaticMeshActor Name:StaticMeshActor_UAID_00155D341618346B01_1811315307 Label:Cube2 SpatiallyLoaded:1 Bounds:IsValid=true, Min=(X=50890.000 Y=63585.000 Z=27322.500), Max=(X=50990.000 Y=65035.000 Z=28597.500) RuntimeGrid:None EditorOnly:0 RuntimeOnly:0 HLODRelevant:1
 |   |   |- [+] [ 13]
 |   |   |   |- Guid:7DBE72904AC661124A9545ABF6095579 BaseClass: NativeClass:/Script/Engine.StaticMeshActor Name:StaticMeshActor_UAID_00155D341618456B01_1407886305 Label:Cube3 SpatiallyLoaded:1 Bounds:IsValid=true, Min=(X=49495.000 Y=64900.000 Z=27322.500), Max=(X=50945.000 Y=65000.000 Z=28597.500) RuntimeGrid:None EditorOnly:0 RuntimeOnly:0 HLODRelevant:1
 |   |   |- [+] [ 14]
 |   |   |   |- Guid:A4274B7A48E8A02A692196AFCCF196E4 BaseClass: NativeClass:/Script/Engine.StaticMeshActor Name:StaticMeshActor_UAID_00155D341618456B01_1418353306 Label:Cube4 SpatiallyLoaded:1 Bounds:IsValid=true, Min=(X=49495.000 Y=63560.000 Z=27322.500), Max=(X=50945.000 Y=63660.000 Z=28597.500) RuntimeGrid:None EditorOnly:0 RuntimeOnly:0 HLODRelevant:1
 |- ContainerInstances:
 |- [+] MainContainer:
 |   |-        ID: 0x0000000000000000
 |   |-    Bounds: IsValid=true, Min=(X=49055.000 Y=63560.000 Z=27250.000), Max=(X=50990.000 Y=65070.000 Z=28597.500)
 |   |- Transform: 0.000000,0.000000,0.000000|0.000000,0.000000,-0.000000|1.000000,1.000000,1.000000
 |   |- Container: /Game/Task01/Map_Task01
----------------------------------------------------------------------------------------------------------------
Map_Task01 - Persistent Level
----------------------------------------------------------------------------------------------------------------
Always loaded Actor Count: 30 

----------------------------------------------------------------------------------------------------------------
Map_Task01 - Runtime Spatial Hash - Streaming Grid - MainGrid
----------------------------------------------------------------------------------------------------------------
            Origin: X=0.000 Y=0.000 Z=0.000
         Cell Size: 25600
      World Bounds: IsValid=true, Min=(X=49055.000 Y=63560.000 Z=27250.000), Max=(X=50990.000 Y=65070.000 Z=28597.500)
     Loading Range: 76800.00
Block Slow Loading: No
 ClientOnlyVisible: No

[+] Grid Levels: 4
 |- Level  0: Cell Count    1 | Cell Size   25600 | Actor Count    6 (100.0%)
 |- Level  1: Cell Count    0 | Cell Size   51200 | Actor Count    0 (0.0%)
 |- Level  2: Cell Count    0 | Cell Size  102400 | Actor Count    0 (0.0%)
 |- Level  3: Cell Count    0 | Cell Size  204800 | Actor Count    0 (0.0%)

[+] Content of Grid Level 0
 |- [+] Content of Cell MainGrid_L0_X1_Y2
 |   |- Actor Count: 6
 |   |- MinMaxZ: X=27250.000 Y=28597.500
 |   |- Actor Path: /Game/Task01/Map_Task01.Map_Task01:PersistentLevel.StaticMeshActor_UAID_00155D341618306B01_1377913599
 |   |- Actor Package: /Game/__ExternalActors__/Task01/Map_Task01/5/6D/CWUHVCHX1LXISXOQN1QIMF
 |   |- Actor Path: /Game/Task01/Map_Task01.Map_Task01:PersistentLevel.BP_Sphere_C_UAID_00155D341618336B01_1900260128
 |   |- Actor Package: /Game/__ExternalActors__/Task01/Map_Task01/9/JD/H4RAOO32GEBSWQ3D45XEXB
 |   |- Actor Path: /Game/Task01/Map_Task01.Map_Task01:PersistentLevel.TextRenderActor_UAID_00155D341618446B01_2010929128
 |   |- Actor Package: /Game/__ExternalActors__/Task01/Map_Task01/5/2L/66M2WG0XTAURSZKUHK5TQG
 |   |- Actor Path: /Game/Task01/Map_Task01.Map_Task01:PersistentLevel.StaticMeshActor_UAID_00155D341618346B01_1811315307
 |   |- Actor Package: /Game/__ExternalActors__/Task01/Map_Task01/1/WT/SFS6ZX2ERSO53Z4L4JK0U0
 |   |- Actor Path: /Game/Task01/Map_Task01.Map_Task01:PersistentLevel.StaticMeshActor_UAID_00155D341618456B01_1407886305
 |   |- Actor Package: /Game/__ExternalActors__/Task01/Map_Task01/1/BW/ZOKOA7BOXEIJKVE0YY4SIV
 |   |- Actor Path: /Game/Task01/Map_Task01.Map_Task01:PersistentLevel.StaticMeshActor_UAID_00155D341618456B01_1418353306
 |   |- Actor Package: /Game/__ExternalActors__/Task01/Map_Task01/0/PT/GGRC6YKFUVKD4VWHXZSW84
[+] Content of Grid Level 1
[+] Content of Grid Level 2
[+] Content of Grid Level 3

